###########################################################[

Copyright (C) 1994-2021 Synopsys, Inc.
This Synopsys software and all associated documentation are proprietary to Synopsys, Inc.
and may only be used pursuant to the terms and conditions of a written license agreement
with Synopsys, Inc. All other use, reproduction, modification, or distribution of the
Synopsys software or the associated documentation is strictly prohibited.
Tool: Synplify Pro (R)
Build: S-2021.09LR-2
Install: C:\lscc\radiant\3.2\synpbase
OS: Windows 10 or later
Hostname: DESKTOP-9VA2EUV

Implementation : rev_5
Synopsys VHDL Compiler, Version comp202109synp1, Build 403R, Built Jun 27 2022 11:09:13, @

@N|Running in 64-bit mode
@N:"C:\Users\miche\Desktop\my_designs\HM0360_image_capture\source\HM0360_image_capture_impl\HM0360_Interface.vhd":6:7:6:22|Top entity is set to HM0360_Interface.
@N: CD140 :	| Using the VHDL 2008 Standard for file 'C:/lscc/radiant/3.2/ip/pmi/pmi_lifcl.vhd'.
@N: CD140 :	| Using the VHDL 2008 Standard for file 'C:/Users/miche/Desktop/my_designs/HM0360_image_capture/source/HM0360_image_capture_impl/counter.vhd'.
@N: CD140 :	| Using the VHDL 2008 Standard for file 'C:/Users/miche/Desktop/my_designs/HM0360_image_capture/source/HM0360_image_capture_impl/debounce.vhd'.
@N: CD140 :	| Using the VHDL 2008 Standard for file 'C:/Users/miche/Desktop/my_designs/HM0360_image_capture/source/HM0360_image_capture_impl/HM0360_device.vhd'.
@E: CD415 :"C:/Users/miche/Desktop/my_designs/HM0360_image_capture/source/HM0360_image_capture_impl/HM0360_device.vhd":225:5:225:11|Expecting keyword if
1 error parsing file C:/Users/miche/Desktop/my_designs/HM0360_image_capture/source/HM0360_image_capture_impl/HM0360_device.vhd
@END
@N: CD140 :	| Using the VHDL 2008 Standard for file 'C:/Users/miche/Desktop/my_designs/HM0360_image_capture/source/HM0360_image_capture_impl/configuration_module.vhd'.
1 error parsing file C:/Users/miche/Desktop/my_designs/HM0360_image_capture/source/HM0360_image_capture_impl/configuration_module.vhd
@END
@N: CD140 :	| Using the VHDL 2008 Standard for file 'C:/Users/miche/Desktop/my_designs/HM0360_image_capture/source/HM0360_image_capture_impl/trig_acq_module.vhd'.
1 error parsing file C:/Users/miche/Desktop/my_designs/HM0360_image_capture/source/HM0360_image_capture_impl/trig_acq_module.vhd
@END
@N: CD140 :	| Using the VHDL 2008 Standard for file 'C:/Users/miche/Desktop/my_designs/HM0360_image_capture/source/HM0360_image_capture_impl/image_buffer.vhd'.
1 error parsing file C:/Users/miche/Desktop/my_designs/HM0360_image_capture/source/HM0360_image_capture_impl/image_buffer.vhd
@END
@N: CD140 :	| Using the VHDL 2008 Standard for file 'C:/Users/miche/Desktop/my_designs/HM0360_image_capture/source/HM0360_image_capture_impl/pic_source.vhd'.
1 error parsing file C:/Users/miche/Desktop/my_designs/HM0360_image_capture/source/HM0360_image_capture_impl/pic_source.vhd
@END
@N: CD140 :	| Using the VHDL 2008 Standard for file 'C:/Users/miche/Desktop/my_designs/HM0360_image_capture/source/HM0360_image_capture_impl/enable_pic_source_logic.vhd'.
1 error parsing file C:/Users/miche/Desktop/my_designs/HM0360_image_capture/source/HM0360_image_capture_impl/enable_pic_source_logic.vhd
@END
@N: CD140 :	| Using the VHDL 2008 Standard for file 'C:/lscc/radiant/3.2/cae_library/synthesis/vhdl/lifcl.vhd'.
1 error parsing file C:/lscc/radiant/3.2/cae_library/synthesis/vhdl/lifcl.vhd
@END
@N: CD140 :	| Using the VHDL 2008 Standard for file 'C:/Users/miche/Desktop/my_designs/HM0360_image_capture/source/HM0360_image_capture_impl/prescaler.vhd'.
1 error parsing file C:/Users/miche/Desktop/my_designs/HM0360_image_capture/source/HM0360_image_capture_impl/prescaler.vhd
@END
@N: CD140 :	| Using the VHDL 2008 Standard for file 'C:/Users/miche/Desktop/my_designs/HM0360_image_capture/source/HM0360_image_capture_impl/HM0360_serial_master.vhd'.
1 error parsing file C:/Users/miche/Desktop/my_designs/HM0360_image_capture/source/HM0360_image_capture_impl/HM0360_serial_master.vhd
@END
@N: CD140 :	| Using the VHDL 2008 Standard for file 'C:/Users/miche/Desktop/my_designs/HM0360_image_capture/source/HM0360_image_capture_impl/I2C_module.vhd'.
@E: CD126 :"C:/Users/miche/Desktop/my_designs/HM0360_image_capture/source/HM0360_image_capture_impl/I2C_module.vhd":84:0:84:0|Expecting identifier
2 errors parsing file C:/Users/miche/Desktop/my_designs/HM0360_image_capture/source/HM0360_image_capture_impl/I2C_module.vhd
@END
@N: CD140 :	| Using the VHDL 2008 Standard for file 'C:/Users/miche/Desktop/my_designs/HM0360_image_capture/source/HM0360_image_capture_impl/HM0360_Interface.vhd'.
2 errors parsing file C:/Users/miche/Desktop/my_designs/HM0360_image_capture/source/HM0360_image_capture_impl/HM0360_Interface.vhd
@END
@N: CD140 :	| Using the VHDL 2008 Standard for file 'C:/Users/miche/Desktop/my_designs/HM0360_image_capture/source/HM0360_image_capture_impl/HM0360_top_level.vhd'.
@E: CD126 :"C:/Users/miche/Desktop/my_designs/HM0360_image_capture/source/HM0360_image_capture_impl/HM0360_top_level.vhd":12:0:12:0|Expecting identifier
@E: CS187 :"C:/Users/miche/Desktop/my_designs/HM0360_image_capture/source/HM0360_image_capture_impl/HM0360_top_level.vhd":20:9:20:24|Expecting ,
@E: CG234 :"C:/Users/miche/Desktop/my_designs/HM0360_image_capture/source/HM0360_image_capture_impl/HM0360_top_level.vhd":22:16:22:23|Duplicate definition of hm_fsync
@E: CS187 :"C:/Users/miche/Desktop/my_designs/HM0360_image_capture/source/HM0360_image_capture_impl/HM0360_top_level.vhd":25:23:25:38|Expecting ,
@E: CS187 :"C:/Users/miche/Desktop/my_designs/HM0360_image_capture/source/HM0360_image_capture_impl/HM0360_top_level.vhd":75:16:75:18|Expecting ,
7 errors parsing file C:/Users/miche/Desktop/my_designs/HM0360_image_capture/source/HM0360_image_capture_impl/HM0360_top_level.vhd
@END
@E: Parse errors encountered - exiting
Process took 0h:00m:01s realtime, 0h:00m:01s cputime
# Fri Nov 11 13:30:55 2022

###########################################################]
